Rehydration-Reminder-master/app/build/intermediates/manifest_merge_blame_file/debug/manifest-merger-blame-debug-report.txt
1<?xml version="1.0" encoding="utf-8"?>
2<manifest xmlns:android="http://schemas.android.com/apk/res/android"
3    package="com.example.android.background"
4    android:versionCode="1"
5    android:versionName="1.0" >
6
7    <uses-sdk
8        android:minSdkVersion="19"
8-->src\main\AndroidManifest.xml
9        android:targetSdkVersion="30" />
9-->src\main\AndroidManifest.xml
10
11    <uses-permission android:name="android.permission.VIBRATE" />
11-->src\main\AndroidManifest.xml:5:5-65
11-->src\main\AndroidManifest.xml:5:22-63
12
13    <application
13-->src\main\AndroidManifest.xml:7:5-36:19
14        android:allowBackup="true"
14-->src\main\AndroidManifest.xml:8:9-35
15        android:appComponentFactory="androidx.core.app.CoreComponentFactory"
15-->[androidx.core:core:1.5.0] AndroidManifest.xml:24:18-86
16        android:debuggable="true"
17        android:icon="@mipmap/ic_launcher"
17-->src\main\AndroidManifest.xml:9:9-43
18        android:label="@string/app_name"
18-->src\main\AndroidManifest.xml:10:9-41
19        android:roundIcon="@mipmap/ic_launcher_round"
19-->src\main\AndroidManifest.xml:11:9-54
20        android:supportsRtl="true"
20-->src\main\AndroidManifest.xml:12:9-35
21        android:testOnly="true"
22        android:theme="@style/AppTheme" >
22-->src\main\AndroidManifest.xml:13:9-40
23        <activity
23-->src\main\AndroidManifest.xml:14:9-22:20
24            android:name="com.example.android.background.MainActivity"
24-->src\main\AndroidManifest.xml:14:19-47
25            android:launchMode="singleTop"
25-->src\main\AndroidManifest.xml:15:13-43
26            android:screenOrientation="portrait" >
26-->src\main\AndroidManifest.xml:16:13-49
27            <intent-filter>
27-->src\main\AndroidManifest.xml:17:13-21:29
28                <action android:name="android.intent.action.MAIN" />
28-->src\main\AndroidManifest.xml:18:17-69
28-->src\main\AndroidManifest.xml:18:25-66
29
30                <category android:name="android.intent.category.LAUNCHER" />
30-->src\main\AndroidManifest.xml:20:17-77
30-->src\main\AndroidManifest.xml:20:27-74
31            </intent-filter>
32        </activity>
33
34        <service
34-->src\main\AndroidManifest.xml:24:9-25:39
35            android:name="com.example.android.background.sync.WaterReminderIntentService"
35-->src\main\AndroidManifest.xml:24:18-65
36            android:exported="false" />
36-->src\main\AndroidManifest.xml:25:13-37
37        <service
37-->src\main\AndroidManifest.xml:27:9-34:19
38            android:name="com.example.android.background.sync.WaterReminderFirebaseJobService"
38-->src\main\AndroidManifest.xml:27:18-70
39            android:exported="false" >
39-->src\main\AndroidManifest.xml:28:13-37
40            <intent-filter>
40-->src\main\AndroidManifest.xml:30:13-32:29
41                <action android:name="com.firebase.jobdispater.ACTION_EXECUTE" />
41-->src\main\AndroidManifest.xml:31:17-81
41-->src\main\AndroidManifest.xml:31:25-79
42            </intent-filter>
43        </service>
44
45        <!--
46             Receives GooglePlay execution requests and forwards them to the
47             appropriate internal service.
48        -->
49        <service
49-->[com.firebase:firebase-jobdispatcher:0.8.5] AndroidManifest.xml:32:9-39:19
50            android:name="com.firebase.jobdispatcher.GooglePlayReceiver"
50-->[com.firebase:firebase-jobdispatcher:0.8.5] AndroidManifest.xml:33:13-73
51            android:exported="true"
51-->[com.firebase:firebase-jobdispatcher:0.8.5] AndroidManifest.xml:34:13-36
52            android:permission="com.google.android.gms.permission.BIND_NETWORK_TASK_SERVICE" >
52-->[com.firebase:firebase-jobdispatcher:0.8.5] AndroidManifest.xml:35:13-93
53            <intent-filter>
53-->[com.firebase:firebase-jobdispatcher:0.8.5] AndroidManifest.xml:36:13-38:29
54                <action android:name="com.google.android.gms.gcm.ACTION_TASK_READY" />
54-->[com.firebase:firebase-jobdispatcher:0.8.5] AndroidManifest.xml:37:17-87
54-->[com.firebase:firebase-jobdispatcher:0.8.5] AndroidManifest.xml:37:25-84
55            </intent-filter>
56        </service>
57    </application>
58
59</manifest>